2023-12-20 09:19:11 [main] INFO  T.M.MsSeguridadApplication - Starting MsSeguridadApplication using Java 17.0.9 with PID 15316 (C:\Users\walte\Documents\GitHub\Proyecto_Taller\taller\Ms\target\classes started by walte in C:\Users\walte\Documents\GitHub\Proyecto_Taller)
2023-12-20 09:19:11 [main] INFO  T.M.MsSeguridadApplication - No active profile set, falling back to 1 default profile: "default"
2023-12-20 09:19:12 [main] INFO  o.s.d.r.c.RepositoryConfigurationDelegate - Bootstrapping Spring Data JPA repositories in DEFAULT mode.
2023-12-20 09:19:13 [main] INFO  o.s.d.r.c.RepositoryConfigurationDelegate - Finished Spring Data repository scanning in 101 ms. Found 3 JPA repository interfaces.
2023-12-20 09:19:14 [main] INFO  o.s.b.w.e.tomcat.TomcatWebServer - Tomcat initialized with port 81 (http)
2023-12-20 09:19:14 [main] INFO  o.a.coyote.http11.Http11NioProtocol - Initializing ProtocolHandler ["http-nio-81"]
2023-12-20 09:19:14 [main] INFO  o.a.catalina.core.StandardService - Starting service [Tomcat]
2023-12-20 09:19:14 [main] INFO  o.a.catalina.core.StandardEngine - Starting Servlet engine: [Apache Tomcat/10.1.16]
2023-12-20 09:19:14 [main] INFO  o.a.c.c.C.[Tomcat].[localhost].[/] - Initializing Spring embedded WebApplicationContext
2023-12-20 09:19:14 [main] INFO  o.s.b.w.s.c.ServletWebServerApplicationContext - Root WebApplicationContext: initialization completed in 3373 ms
2023-12-20 09:19:15 [main] INFO  com.zaxxer.hikari.HikariDataSource - HikariPool-1 - Starting...
2023-12-20 09:19:15 [main] INFO  com.zaxxer.hikari.pool.HikariPool - HikariPool-1 - Added connection com.mysql.cj.jdbc.ConnectionImpl@5e5ddfbc
2023-12-20 09:19:15 [main] INFO  com.zaxxer.hikari.HikariDataSource - HikariPool-1 - Start completed.
2023-12-20 09:19:15 [main] INFO  o.h.jpa.internal.util.LogHelper - HHH000204: Processing PersistenceUnitInfo [name: default]
2023-12-20 09:19:16 [main] INFO  org.hibernate.Version - HHH000412: Hibernate ORM core version 6.3.1.Final
2023-12-20 09:19:16 [main] INFO  o.h.c.i.RegionFactoryInitiator - HHH000026: Second-level cache disabled
2023-12-20 09:19:16 [main] INFO  o.s.o.j.p.SpringPersistenceUnitInfo - No LoadTimeWeaver setup: ignoring JPA class transformer
2023-12-20 09:19:17 [main] INFO  o.h.e.t.j.p.i.JtaPlatformInitiator - HHH000489: No JTA platform available (set 'hibernate.transaction.jta.platform' to enable JTA platform integration)
2023-12-20 09:19:17 [main] INFO  o.s.o.j.LocalContainerEntityManagerFactoryBean - Initialized JPA EntityManagerFactory for persistence unit 'default'
2023-12-20 09:19:18 [main] WARN  o.s.b.a.o.j.JpaBaseConfiguration$JpaWebConfiguration - spring.jpa.open-in-view is enabled by default. Therefore, database queries may be performed during view rendering. Explicitly configure spring.jpa.open-in-view to disable this warning
2023-12-20 09:19:18 [main] INFO  o.a.coyote.http11.Http11NioProtocol - Starting ProtocolHandler ["http-nio-81"]
2023-12-20 09:19:19 [main] INFO  o.s.b.w.e.tomcat.TomcatWebServer - Tomcat started on port 81 (http) with context path ''
2023-12-20 09:19:19 [main] INFO  T.M.MsSeguridadApplication - Started MsSeguridadApplication in 8.278 seconds (process running for 8.856)
2023-12-20 09:19:47 [http-nio-81-exec-2] INFO  o.a.c.c.C.[Tomcat].[localhost].[/] - Initializing Spring DispatcherServlet 'dispatcherServlet'
2023-12-20 09:19:47 [http-nio-81-exec-2] INFO  o.s.web.servlet.DispatcherServlet - Initializing Servlet 'dispatcherServlet'
2023-12-20 09:19:47 [http-nio-81-exec-2] INFO  o.s.web.servlet.DispatcherServlet - Completed initialization in 0 ms
2023-12-20 09:19:48 [http-nio-81-exec-2] INFO  T.M.controller.AuthController - Autenticación exitosa. Token: TOKEN GENERADO CORRECTAMENTE
2023-12-20 09:19:53 [http-nio-81-exec-3] ERROR T.M.controller.AuthController - Error de autenticación: Error de autenticación. Verifica tu nombre de usuario y contraseña.
2023-12-20 09:20:32 [http-nio-81-exec-4] ERROR T.M.controller.AuthController - Error de autenticación: Error de autenticación. Verifica tu nombre de usuario y contraseña.
2023-12-20 09:33:36 [main] INFO  T.M.MsSeguridadApplication - Starting MsSeguridadApplication using Java 17.0.9 with PID 13824 (C:\Users\walte\Documents\GitHub\Proyecto_Taller\taller\Ms\target\classes started by walte in C:\Users\walte\Documents\GitHub\Proyecto_Taller)
2023-12-20 09:33:36 [main] INFO  T.M.MsSeguridadApplication - No active profile set, falling back to 1 default profile: "default"
2023-12-20 09:33:38 [main] INFO  o.s.d.r.c.RepositoryConfigurationDelegate - Bootstrapping Spring Data JPA repositories in DEFAULT mode.
2023-12-20 09:33:38 [main] INFO  o.s.d.r.c.RepositoryConfigurationDelegate - Finished Spring Data repository scanning in 148 ms. Found 3 JPA repository interfaces.
2023-12-20 09:33:39 [main] INFO  o.s.b.w.e.tomcat.TomcatWebServer - Tomcat initialized with port 81 (http)
2023-12-20 09:33:39 [main] INFO  o.a.coyote.http11.Http11NioProtocol - Initializing ProtocolHandler ["http-nio-81"]
2023-12-20 09:33:39 [main] INFO  o.a.catalina.core.StandardService - Starting service [Tomcat]
2023-12-20 09:33:39 [main] INFO  o.a.catalina.core.StandardEngine - Starting Servlet engine: [Apache Tomcat/10.1.16]
2023-12-20 09:33:39 [main] INFO  o.a.c.c.C.[Tomcat].[localhost].[/] - Initializing Spring embedded WebApplicationContext
2023-12-20 09:33:39 [main] INFO  o.s.b.w.s.c.ServletWebServerApplicationContext - Root WebApplicationContext: initialization completed in 2822 ms
2023-12-20 09:33:40 [main] INFO  com.zaxxer.hikari.HikariDataSource - HikariPool-1 - Starting...
2023-12-20 09:33:41 [main] INFO  com.zaxxer.hikari.pool.HikariPool - HikariPool-1 - Added connection com.mysql.cj.jdbc.ConnectionImpl@1a531422
2023-12-20 09:33:41 [main] INFO  com.zaxxer.hikari.HikariDataSource - HikariPool-1 - Start completed.
2023-12-20 09:33:41 [main] INFO  o.h.jpa.internal.util.LogHelper - HHH000204: Processing PersistenceUnitInfo [name: default]
2023-12-20 09:33:41 [main] INFO  org.hibernate.Version - HHH000412: Hibernate ORM core version 6.3.1.Final
2023-12-20 09:33:41 [main] INFO  o.h.c.i.RegionFactoryInitiator - HHH000026: Second-level cache disabled
2023-12-20 09:33:41 [main] INFO  o.s.o.j.p.SpringPersistenceUnitInfo - No LoadTimeWeaver setup: ignoring JPA class transformer
2023-12-20 09:33:42 [main] INFO  o.h.e.t.j.p.i.JtaPlatformInitiator - HHH000489: No JTA platform available (set 'hibernate.transaction.jta.platform' to enable JTA platform integration)
2023-12-20 09:33:42 [main] INFO  o.s.o.j.LocalContainerEntityManagerFactoryBean - Initialized JPA EntityManagerFactory for persistence unit 'default'
2023-12-20 09:33:43 [main] WARN  o.s.b.a.o.j.JpaBaseConfiguration$JpaWebConfiguration - spring.jpa.open-in-view is enabled by default. Therefore, database queries may be performed during view rendering. Explicitly configure spring.jpa.open-in-view to disable this warning
2023-12-20 09:33:44 [main] INFO  o.a.coyote.http11.Http11NioProtocol - Starting ProtocolHandler ["http-nio-81"]
2023-12-20 09:33:44 [main] INFO  o.s.b.w.e.tomcat.TomcatWebServer - Tomcat started on port 81 (http) with context path ''
2023-12-20 09:33:44 [main] INFO  T.M.MsSeguridadApplication - Started MsSeguridadApplication in 9.116 seconds (process running for 9.646)
2023-12-20 09:33:55 [http-nio-81-exec-2] INFO  o.a.c.c.C.[Tomcat].[localhost].[/] - Initializing Spring DispatcherServlet 'dispatcherServlet'
2023-12-20 09:33:55 [http-nio-81-exec-2] INFO  o.s.web.servlet.DispatcherServlet - Initializing Servlet 'dispatcherServlet'
2023-12-20 09:33:55 [http-nio-81-exec-2] INFO  o.s.web.servlet.DispatcherServlet - Completed initialization in 1 ms
2023-12-20 09:33:55 [http-nio-81-exec-2] ERROR T.M.controller.AuthController - Error de autenticación: Error de autenticación. Verifica tu nombre de usuario y contraseña.
2023-12-20 09:34:02 [http-nio-81-exec-3] ERROR T.M.controller.AuthController - Error de autenticación: Error de autenticación. Verifica tu nombre de usuario y contraseña.
2023-12-20 09:34:08 [http-nio-81-exec-4] ERROR T.M.controller.AuthController - Error de autenticación: Error de autenticación. Verifica tu nombre de usuario y contraseña.
2023-12-20 09:34:36 [http-nio-81-exec-6] INFO  T.M.controller.AuthController - El usuario ya existe: {}
2023-12-20 09:34:43 [http-nio-81-exec-8] INFO  T.M.controller.AuthController - El usuario ya existe: {}
2023-12-20 09:34:54 [http-nio-81-exec-7] ERROR T.M.controller.AuthController - Error en la base de datos: not-null property references a null or transient value : TDB.MsGestionUsuarios.model.UsuarioModel.username
2023-12-20 09:35:01 [http-nio-81-exec-10] INFO  T.M.controller.AuthController - El usuario ya existe: {}
2023-12-20 09:35:12 [http-nio-81-exec-1] INFO  T.M.controller.AuthController - Usuario no encontrado:: {}
2023-12-20 09:35:12 [http-nio-81-exec-1] ERROR T.M.controller.AuthController - error: Usuario no encontrado: juans
2023-12-20 09:35:21 [http-nio-81-exec-3] INFO  T.M.controller.AuthController - Usuario no encontrado: {} null
2023-12-20 09:35:21 [http-nio-81-exec-3] ERROR T.M.controller.AuthController - error: Usuario no encontrado: null
2023-12-20 09:35:48 [http-nio-81-exec-5] INFO  T.M.controller.AuthController - Usuario no encontrado
2023-12-20 09:35:48 [http-nio-81-exec-5] ERROR T.M.controller.AuthController - error: Usuario no encontrado 
2023-12-20 09:35:55 [http-nio-81-exec-6] INFO  T.M.controller.AuthController - Usuario no encontrado
2023-12-20 09:35:55 [http-nio-81-exec-6] ERROR T.M.controller.AuthController - error: Usuario no encontrado 
2023-12-20 09:36:00 [http-nio-81-exec-8] WARN  o.s.w.s.m.s.DefaultHandlerExceptionResolver - Resolved [org.springframework.web.method.annotation.MethodArgumentTypeMismatchException: Failed to convert value of type 'java.lang.String' to required type 'int'; For input string: "198a"]
2023-12-20 09:36:06 [http-nio-81-exec-10] INFO  T.M.controller.AuthController - Usuario no encontrado
2023-12-20 09:36:06 [http-nio-81-exec-10] ERROR T.M.controller.AuthController - error: Usuario no encontrado 
